<?xml version="1.0" encoding="UTF-8"?>
<testsuite xmlns:xsi="http://www.w3.org/2001/XMLSchema-instance" xsi:noNamespaceSchemaLocation="https://maven.apache.org/surefire/maven-surefire-plugin/xsd/surefire-test-report.xsd" version="3.0.2" name="com.baarsch_bytes.end2end.CourseUITest" time="36.009" tests="18" errors="0" skipped="0" failures="0">
  <properties>
[...]
</properties>
  <testcase name="createCourse" classname="com.baarsch_bytes.end2end.CourseUITest" time="2.518">
    <system-err><![CDATA[Apr 14, 2026 1:41:09 PM org.openqa.selenium.devtools.CdpVersionFinder findNearestMatch
WARNING: Unable to find an exact match for CDP version 147, returning the closest version; found: 145; Please update to a Selenium version that supports CDP version 147
]]></system-err>
  </testcase>
  <testcase name="createLowerBoundCourse" classname="com.baarsch_bytes.end2end.CourseUITest" time="1.79">
    <system-err><![CDATA[Apr 14, 2026 1:41:11 PM org.openqa.selenium.devtools.CdpVersionFinder findNearestMatch
WARNING: Unable to find an exact match for CDP version 147, returning the closest version; found: 145; Please update to a Selenium version that supports CDP version 147
]]></system-err>
  </testcase>
  <testcase name="createUpperBoundCourse" classname="com.baarsch_bytes.end2end.CourseUITest" time="1.927">
    <system-err><![CDATA[Apr 14, 2026 1:41:13 PM org.openqa.selenium.devtools.CdpVersionFinder findNearestMatch
WARNING: Unable to find an exact match for CDP version 147, returning the closest version; found: 145; Please update to a Selenium version that supports CDP version 147
]]></system-err>
  </testcase>
  <testcase name="createLowerBoundInstructor" classname="com.baarsch_bytes.end2end.CourseUITest" time="1.803">
    <system-err><![CDATA[Apr 14, 2026 1:41:15 PM org.openqa.selenium.devtools.CdpVersionFinder findNearestMatch
WARNING: Unable to find an exact match for CDP version 147, returning the closest version; found: 145; Please update to a Selenium version that supports CDP version 147
]]></system-err>
  </testcase>
  <testcase name="createUpperBoundInstructor" classname="com.baarsch_bytes.end2end.CourseUITest" time="1.97">
    <system-err><![CDATA[Apr 14, 2026 1:41:16 PM org.openqa.selenium.devtools.CdpVersionFinder findNearestMatch
WARNING: Unable to find an exact match for CDP version 147, returning the closest version; found: 145; Please update to a Selenium version that supports CDP version 147
]]></system-err>
  </testcase>
  <testcase name="createLowerBoundMazSize" classname="com.baarsch_bytes.end2end.CourseUITest" time="1.896">
    <system-err><![CDATA[Apr 14, 2026 1:41:18 PM org.openqa.selenium.devtools.CdpVersionFinder findNearestMatch
WARNING: Unable to find an exact match for CDP version 147, returning the closest version; found: 145; Please update to a Selenium version that supports CDP version 147
]]></system-err>
  </testcase>
  <testcase name="createBelowLowerBoundMaxSize" classname="com.baarsch_bytes.end2end.CourseUITest" time="1.875">
    <system-err><![CDATA[Apr 14, 2026 1:41:20 PM org.openqa.selenium.devtools.CdpVersionFinder findNearestMatch
WARNING: Unable to find an exact match for CDP version 147, returning the closest version; found: 145; Please update to a Selenium version that supports CDP version 147
]]></system-err>
  </testcase>
  <testcase name="createLowerBoundRoom" classname="com.baarsch_bytes.end2end.CourseUITest" time="2.426">
    <system-err><![CDATA[Apr 14, 2026 1:41:22 PM org.openqa.selenium.devtools.CdpVersionFinder findNearestMatch
WARNING: Unable to find an exact match for CDP version 147, returning the closest version; found: 145; Please update to a Selenium version that supports CDP version 147
]]></system-err>
  </testcase>
  <testcase name="createUpperBoundRoom" classname="com.baarsch_bytes.end2end.CourseUITest" time="2.559">
    <system-err><![CDATA[Apr 14, 2026 1:41:25 PM org.openqa.selenium.devtools.CdpVersionFinder findNearestMatch
WARNING: Unable to find an exact match for CDP version 147, returning the closest version; found: 145; Please update to a Selenium version that supports CDP version 147
]]></system-err>
  </testcase>
  <testcase name="createCourseMissingName" classname="com.baarsch_bytes.end2end.CourseUITest" time="1.85">
    <system-err><![CDATA[Apr 14, 2026 1:41:27 PM org.openqa.selenium.devtools.CdpVersionFinder findNearestMatch
WARNING: Unable to find an exact match for CDP version 147, returning the closest version; found: 145; Please update to a Selenium version that supports CDP version 147
]]></system-err>
  </testcase>
  <testcase name="createCourseMissingInstructor" classname="com.baarsch_bytes.end2end.CourseUITest" time="1.85">
    <system-err><![CDATA[Apr 14, 2026 1:41:29 PM org.openqa.selenium.devtools.CdpVersionFinder findNearestMatch
WARNING: Unable to find an exact match for CDP version 147, returning the closest version; found: 145; Please update to a Selenium version that supports CDP version 147
]]></system-err>
  </testcase>
  <testcase name="createCourseMissingMaxSize" classname="com.baarsch_bytes.end2end.CourseUITest" time="1.882">
    <system-err><![CDATA[Apr 14, 2026 1:41:31 PM org.openqa.selenium.devtools.CdpVersionFinder findNearestMatch
WARNING: Unable to find an exact match for CDP version 147, returning the closest version; found: 145; Please update to a Selenium version that supports CDP version 147
]]></system-err>
  </testcase>
  <testcase name="createCourseMissingRoom" classname="com.baarsch_bytes.end2end.CourseUITest" time="1.87">
    <system-err><![CDATA[Apr 14, 2026 1:41:33 PM org.openqa.selenium.devtools.CdpVersionFinder findNearestMatch
WARNING: Unable to find an exact match for CDP version 147, returning the closest version; found: 145; Please update to a Selenium version that supports CDP version 147
]]></system-err>
  </testcase>
  <testcase name="addStudentToCourse" classname="com.baarsch_bytes.end2end.CourseUITest" time="1.735">
    <system-err><![CDATA[Apr 14, 2026 1:41:35 PM org.openqa.selenium.devtools.CdpVersionFinder findNearestMatch
WARNING: Unable to find an exact match for CDP version 147, returning the closest version; found: 145; Please update to a Selenium version that supports CDP version 147
]]></system-err>
  </testcase>
  <testcase name="addStudentToFullCourse" classname="com.baarsch_bytes.end2end.CourseUITest" time="1.72">
    <system-err><![CDATA[Apr 14, 2026 1:41:36 PM org.openqa.selenium.devtools.CdpVersionFinder findNearestMatch
WARNING: Unable to find an exact match for CDP version 147, returning the closest version; found: 145; Please update to a Selenium version that supports CDP version 147
]]></system-err>
  </testcase>
  <testcase name="removeStudentFromCourse" classname="com.baarsch_bytes.end2end.CourseUITest" time="1.779">
    <system-err><![CDATA[Apr 14, 2026 1:41:38 PM org.openqa.selenium.devtools.CdpVersionFinder findNearestMatch
WARNING: Unable to find an exact match for CDP version 147, returning the closest version; found: 145; Please update to a Selenium version that supports CDP version 147
]]></system-err>
  </testcase>
  <testcase name="deleteCourse" classname="com.baarsch_bytes.end2end.CourseUITest" time="2.207">
    <system-err><![CDATA[Apr 14, 2026 1:41:40 PM org.openqa.selenium.devtools.CdpVersionFinder findNearestMatch
WARNING: Unable to find an exact match for CDP version 147, returning the closest version; found: 145; Please update to a Selenium version that supports CDP version 147
]]></system-err>
  </testcase>
  <testcase name="editCourse" classname="com.baarsch_bytes.end2end.CourseUITest" time="2.342">
    <system-err><![CDATA[Apr 14, 2026 1:41:42 PM org.openqa.selenium.devtools.CdpVersionFinder findNearestMatch
WARNING: Unable to find an exact match for CDP version 147, returning the closest version; found: 145; Please update to a Selenium version that supports CDP version 147
]]></system-err>
  </testcase>
</testsuite>